2022-04-27 15:13:57,448:INFO:Initializing load_model()
2022-04-27 15:13:57,448:INFO:load_model(model_name=final_XGB_vol3, platform=None, authentication=None, verbose=True)
2022-04-27 15:15:01,623:INFO:Initializing get_config()
2022-04-27 15:15:01,623:INFO:get_config(variable=prep_pipe)
2022-04-27 15:15:38,936:INFO:Initializing get_config()
2022-04-27 15:15:38,936:INFO:get_config(variable=prep_pipe)
2022-04-27 15:16:54,892:INFO:Initializing load_model()
2022-04-27 15:16:54,892:INFO:load_model(model_name=final_XGB_vol3, platform=None, authentication=None, verbose=True)
2022-04-27 15:17:15,519:INFO:Initializing load_model()
2022-04-27 15:17:15,519:INFO:load_model(model_name=final_XGB_vol3, platform=None, authentication=None, verbose=True)
2022-04-27 15:17:15,581:INFO:Initializing get_config()
2022-04-27 15:17:15,581:INFO:get_config(variable=prep_pipe)
2022-04-27 15:17:34,023:INFO:Initializing load_model()
2022-04-27 15:17:34,023:INFO:load_model(model_name=final_XGB_vol3, platform=None, authentication=None, verbose=True)
2022-04-27 15:17:34,070:INFO:Initializing get_config()
2022-04-27 15:17:34,070:INFO:get_config(variable=prep_pipe)
2022-04-27 15:17:55,306:INFO:PyCaret Supervised Module
2022-04-27 15:17:55,306:INFO:ML Usecase: classification
2022-04-27 15:17:55,306:INFO:version 2.3.8
2022-04-27 15:17:55,306:INFO:Initializing setup()
2022-04-27 15:17:55,306:INFO:setup(target=Class, ml_usecase=classification, available_plots={'parameter': 'Hyperparameters', 'auc': 'AUC', 'confusion_matrix': 'Confusion Matrix', 'threshold': 'Threshold', 'pr': 'Precision Recall', 'error': 'Prediction Error', 'class_report': 'Class Report', 'rfe': 'Feature Selection', 'learning': 'Learning Curve', 'manifold': 'Manifold Learning', 'calibration': 'Calibration Curve', 'vc': 'Validation Curve', 'dimension': 'Dimensions', 'feature': 'Feature Importance', 'feature_all': 'Feature Importance (All)', 'boundary': 'Decision Boundary', 'lift': 'Lift Chart', 'gain': 'Gain Chart', 'tree': 'Decision Tree', 'ks': 'KS Statistic Plot'}, train_size=0.7, test_data=None, preprocess=True, imputation_type=simple, iterative_imputation_iters=5, categorical_features=None, categorical_imputation=constant, categorical_iterative_imputer=lightgbm, ordinal_features=None, high_cardinality_features=None, high_cardinality_method=frequency, numeric_features=None, numeric_imputation=mean, numeric_iterative_imputer=lightgbm, date_features=None, ignore_features=None, normalize=True, normalize_method=zscore, transformation=False, transformation_method=yeo-johnson, handle_unknown_categorical=True, unknown_categorical_method=least_frequent, pca=False, pca_method=linear, pca_components=None, ignore_low_variance=False, combine_rare_levels=False, rare_level_threshold=0.1, bin_numeric_features=None, remove_outliers=False, outliers_threshold=0.05, remove_multicollinearity=False, multicollinearity_threshold=0.9, remove_perfect_collinearity=True, create_clusters=False, cluster_iter=20, polynomial_features=False, polynomial_degree=2, trigonometry_features=False, polynomial_threshold=0.1, group_features=None, group_names=None, feature_selection=False, feature_selection_threshold=0.8, feature_selection_method=classic, feature_interaction=False, feature_ratio=False, interaction_threshold=0.01, fix_imbalance=False, fix_imbalance_method=None, transform_target=False, transform_target_method=box-cox, data_split_shuffle=True, data_split_stratify=False, fold_strategy=stratifiedkfold, fold=10, fold_shuffle=False, fold_groups=None, n_jobs=-1, use_gpu=False, custom_pipeline=None, html=True, session_id=5, log_experiment=False, experiment_name=None, experiment_custom_tags=None, log_plots=False, log_profile=False, log_data=False, silent=False, verbose=True, profile=False, profile_kwargs=None, display=None)
2022-04-27 15:17:55,306:INFO:Checking environment
2022-04-27 15:17:55,306:INFO:python_version: 3.8.8
2022-04-27 15:17:55,306:INFO:python_build: ('default', 'Apr 13 2021 15:08:03')
2022-04-27 15:17:55,306:INFO:machine: AMD64
2022-04-27 15:17:55,307:INFO:platform: Windows-10-10.0.19041-SP0
2022-04-27 15:17:55,307:INFO:Memory: svmem(total=16866852864, available=3805147136, percent=77.4, used=13061705728, free=3805147136)
2022-04-27 15:17:55,307:INFO:Physical Core: 8
2022-04-27 15:17:55,307:INFO:Logical Core: 16
2022-04-27 15:17:55,307:INFO:Checking libraries
2022-04-27 15:17:55,307:INFO:pd==1.2.4
2022-04-27 15:17:55,307:INFO:numpy==1.19.5
2022-04-27 15:17:55,307:INFO:sklearn==0.23.2
2022-04-27 15:17:55,307:INFO:lightgbm==3.3.2
2022-04-27 15:17:55,319:INFO:catboost==1.0.4
2022-04-27 15:17:55,319:INFO:xgboost==1.5.2
2022-04-27 15:17:55,319:INFO:mlflow==1.24.0
2022-04-27 15:17:55,319:INFO:Checking Exceptions
2022-04-27 15:17:55,319:INFO:Declaring global variables
2022-04-27 15:17:55,319:INFO:USI: 2141
2022-04-27 15:17:55,319:INFO:pycaret_globals: {'stratify_param', 'experiment__', 'html_param', 'y_test', 'fold_generator', 'target_param', 'data_before_preprocess', 'display_container', 'fix_imbalance_method_param', 'fold_groups_param_full', 'iterative_imputation_iters_param', 'transform_target_param', 'fold_groups_param', 'imputation_regressor', 'create_model_container', 'transform_target_method_param', 'gpu_param', '_available_plots', 'USI', 'pycaret_globals', '_internal_pipeline', 'fix_imbalance_param', '_ml_usecase', '_gpu_n_jobs_param', '_all_models_internal', 'n_jobs_param', 'master_model_container', 'imputation_classifier', 'fold_param', 'X_test', 'y_train', 'dashboard_logger', 'exp_name_log', 'X', 'seed', 'prep_pipe', 'y', 'logging_param', 'fold_shuffle_param', '_all_models', '_all_metrics', 'log_plots_param', 'X_train'}
2022-04-27 15:17:55,319:INFO:Preparing display monitor
2022-04-27 15:17:55,319:INFO:Preparing display monitor
2022-04-27 15:17:55,407:INFO:Importing libraries
2022-04-27 15:17:55,407:INFO:Copying data for preprocessing
2022-04-27 15:17:55,430:INFO:Declaring preprocessing parameters
2022-04-27 15:17:55,465:INFO:Creating preprocessing pipeline
2022-04-27 15:17:56,029:INFO:Preprocessing pipeline created successfully
2022-04-27 15:17:56,029:ERROR:(Process Exit): setup has been interupted with user command 'quit'. setup must rerun.
2022-04-27 15:17:56,029:INFO:Creating global containers
2022-04-27 15:17:56,030:INFO:Internal pipeline: Pipeline(memory=None, steps=[('empty_step', 'passthrough')], verbose=False)
2022-04-27 15:18:00,585:INFO:Creating grid variables
2022-04-27 15:18:00,608:INFO:create_model_container: 0
2022-04-27 15:18:00,608:INFO:master_model_container: 0
2022-04-27 15:18:00,608:INFO:display_container: 1
2022-04-27 15:18:00,611:INFO:Pipeline(memory=None,
         steps=[('dtypes',
                 DataTypes_Auto_infer(categorical_features=[],
                                      display_types=True, features_todrop=[],
                                      id_columns=[],
                                      ml_usecase='classification',
                                      numerical_features=[], target='Class',
                                      time_features=[])),
                ('imputer',
                 Simple_Imputer(categorical_strategy='not_available',
                                fill_value_categorical=None,
                                fill_value_numerical=None,
                                numeric_strate...
                                                  target='Class')),
                ('P_transform', 'passthrough'), ('binn', 'passthrough'),
                ('rem_outliers', 'passthrough'), ('cluster_all', 'passthrough'),
                ('dummy', Dummify(target='Class')),
                ('fix_perfect', Remove_100(target='Class')),
                ('clean_names', Clean_Colum_Names()),
                ('feature_select', 'passthrough'), ('fix_multi', 'passthrough'),
                ('dfs', 'passthrough'), ('pca', 'passthrough')],
         verbose=False)
2022-04-27 15:18:00,612:INFO:setup() succesfully completed......................................
2022-04-27 15:18:05,279:INFO:Initializing load_model()
2022-04-27 15:18:05,279:INFO:load_model(model_name=final_XGB_vol3, platform=None, authentication=None, verbose=True)
2022-04-27 15:18:05,326:INFO:Initializing get_config()
2022-04-27 15:18:05,326:INFO:get_config(variable=prep_pipe)
2022-04-27 15:18:05,329:INFO:Global variable: prep_pipe returned as Pipeline(memory=None,
         steps=[('dtypes',
                 DataTypes_Auto_infer(categorical_features=[],
                                      display_types=True, features_todrop=[],
                                      id_columns=[],
                                      ml_usecase='classification',
                                      numerical_features=[], target='Class',
                                      time_features=[])),
                ('imputer',
                 Simple_Imputer(categorical_strategy='not_available',
                                fill_value_categorical=None,
                                fill_value_numerical=None,
                                numeric_strate...
                                                  target='Class')),
                ('P_transform', 'passthrough'), ('binn', 'passthrough'),
                ('rem_outliers', 'passthrough'), ('cluster_all', 'passthrough'),
                ('dummy', Dummify(target='Class')),
                ('fix_perfect', Remove_100(target='Class')),
                ('clean_names', Clean_Colum_Names()),
                ('feature_select', 'passthrough'), ('fix_multi', 'passthrough'),
                ('dfs', 'passthrough'), ('pca', 'passthrough')],
         verbose=False)
2022-04-27 15:18:05,329:INFO:get_config() succesfully completed......................................
2022-04-27 15:18:05,329:INFO:Initializing get_config()
2022-04-27 15:18:05,329:INFO:get_config(variable=data_before_preprocess)
2022-04-27 15:18:05,356:INFO:Global variable: data_before_preprocess returned as             Time        V1        V2        V3        V4        V5        V6  \
0        14625.0  1.166266  0.308132  0.756406  0.859735 -0.349352 -0.644901   
1       147458.0  2.027451 -0.226116 -1.214547  0.231305 -0.018891 -0.647718   
2       147235.0  1.948132 -1.087692 -0.473411 -0.474920 -1.043474 -0.226249   
3        78656.0 -0.480189  1.050863  1.689516 -0.010312  0.021417 -0.606275   
4       165078.0  2.257564 -0.660012 -1.413564 -1.078360 -0.222975 -0.667562   
...          ...       ...       ...       ...       ...       ...       ...   
270562   19910.0  1.461512 -0.687759 -0.944643 -1.431373  1.500114  3.485980   
270563   64022.0  1.020926  0.083959  0.493075  1.038391 -0.256068 -0.183867   
270564   31963.0  1.019367 -0.011339  0.715975  1.399492 -0.354133  0.232203   
270565   44053.0 -1.362896  0.784266  2.135114  0.901308 -1.010935  1.006875   
270566   48941.0 -0.577936  0.679080  1.359855  0.864777  0.456785  0.241933   

              V7        V8        V9  ...       V21       V22       V23  \
0      -0.045861 -0.201397  1.225456  ... -0.343217 -0.723263  0.197799   
1      -0.029001 -0.064071  0.509400  ... -0.267361 -0.736820  0.307913   
2      -0.829964 -0.007601 -0.339415  ... -0.542855 -1.176352  0.400253   
3       0.667551  0.016668 -0.515065  ... -0.172122 -0.369203  0.037927   
4      -0.463452 -0.277432 -0.535648  ...  0.333169  0.988884  0.068208   
...          ...       ...       ...  ...       ...       ...       ...   
270562 -1.231170  0.751680  0.710073  ... -0.228148 -0.457090 -0.052445   
270563  0.033537  0.050348 -0.283530  ...  0.077912  0.134837 -0.032494   
270564 -0.148124  0.148481  0.142676  ...  0.062461  0.376991 -0.120125   
270565  0.089636  0.724738 -0.537778  ...  0.173608  0.545437  0.029496   
270566  0.540335  0.221686 -0.878511  ...  0.199501  0.452377 -0.174634   

             V24       V25       V26       V27       V28  Amount  Class  
0       0.348609  0.089070  0.062021 -0.038635  0.016413   17.99      0  
1      -0.432792 -0.346938  0.208263 -0.081250 -0.076471    4.49      0  
2      -0.375392 -0.758772  0.224897 -0.029112 -0.037914   84.76      0  
3       0.398249 -0.289690  0.078640  0.286624  0.122243    1.29      0  
4       0.471970  0.134252 -0.049798 -0.026947 -0.057642    3.95      0  
...          ...       ...       ...       ...       ...     ...    ...  
270562  0.969250  0.695689 -0.267125 -0.009583 -0.000787    5.00      0  
270563  0.230905  0.403031 -0.446742  0.026731  0.025023   62.18      0  
270564  0.264427  0.615781 -0.277801  0.048002  0.018298   44.85      0  
270565  0.030706  0.201539 -0.257087 -0.042535 -0.033667  132.27      0  
270566 -0.321297  0.071641 -0.172328  0.110366  0.102494   43.00      0  

[270567 rows x 31 columns]
2022-04-27 15:18:05,357:INFO:get_config() succesfully completed......................................
2022-04-27 15:18:05,383:INFO:Initializing get_config()
2022-04-27 15:18:05,383:INFO:get_config(variable=prep_pipe)
2022-04-27 15:18:05,386:INFO:Global variable: prep_pipe returned as Pipeline(memory=None,
         steps=[('dtypes',
                 DataTypes_Auto_infer(categorical_features=[],
                                      display_types=True, features_todrop=[],
                                      id_columns=[],
                                      ml_usecase='classification',
                                      numerical_features=[], target='Class',
                                      time_features=[])),
                ('imputer',
                 Simple_Imputer(categorical_strategy='not_available',
                                fill_value_categorical=None,
                                fill_value_numerical=None,
                                numeric_strate...
                                                  target='Class')),
                ('P_transform', 'passthrough'), ('binn', 'passthrough'),
                ('rem_outliers', 'passthrough'), ('cluster_all', 'passthrough'),
                ('dummy', Dummify(target='Class')),
                ('fix_perfect', Remove_100(target='Class')),
                ('clean_names', Clean_Colum_Names()),
                ('feature_select', 'passthrough'), ('fix_multi', 'passthrough'),
                ('dfs', 'passthrough'), ('pca', 'passthrough')],
         verbose=False)
2022-04-27 15:18:05,386:INFO:get_config() succesfully completed......................................
2022-04-27 15:18:05,386:INFO:Initializing get_config()
2022-04-27 15:18:05,386:INFO:get_config(variable=prep_pipe)
2022-04-27 15:18:05,388:INFO:Global variable: prep_pipe returned as Pipeline(memory=None,
         steps=[('dtypes',
                 DataTypes_Auto_infer(categorical_features=[],
                                      display_types=True, features_todrop=[],
                                      id_columns=[],
                                      ml_usecase='classification',
                                      numerical_features=[], target='Class',
                                      time_features=[])),
                ('imputer',
                 Simple_Imputer(categorical_strategy='not_available',
                                fill_value_categorical=None,
                                fill_value_numerical=None,
                                numeric_strate...
                                                  target='Class')),
                ('P_transform', 'passthrough'), ('binn', 'passthrough'),
                ('rem_outliers', 'passthrough'), ('cluster_all', 'passthrough'),
                ('dummy', Dummify(target='Class')),
                ('fix_perfect', Remove_100(target='Class')),
                ('clean_names', Clean_Colum_Names()),
                ('feature_select', 'passthrough'), ('fix_multi', 'passthrough'),
                ('dfs', 'passthrough'), ('pca', 'passthrough')],
         verbose=False)
2022-04-27 15:18:05,388:INFO:get_config() succesfully completed......................................
2022-04-27 15:18:05,388:INFO:Initializing get_config()
2022-04-27 15:18:05,389:INFO:get_config(variable=prep_pipe)
2022-04-27 15:18:05,391:INFO:Global variable: prep_pipe returned as Pipeline(memory=None,
         steps=[('dtypes',
                 DataTypes_Auto_infer(categorical_features=[],
                                      display_types=True, features_todrop=[],
                                      id_columns=[],
                                      ml_usecase='classification',
                                      numerical_features=[], target='Class',
                                      time_features=[])),
                ('imputer',
                 Simple_Imputer(categorical_strategy='not_available',
                                fill_value_categorical=None,
                                fill_value_numerical=None,
                                numeric_strate...
                                                  target='Class')),
                ('P_transform', 'passthrough'), ('binn', 'passthrough'),
                ('rem_outliers', 'passthrough'), ('cluster_all', 'passthrough'),
                ('dummy', Dummify(target='Class')),
                ('fix_perfect', Remove_100(target='Class')),
                ('clean_names', Clean_Colum_Names()),
                ('feature_select', 'passthrough'), ('fix_multi', 'passthrough'),
                ('dfs', 'passthrough'), ('pca', 'passthrough')],
         verbose=False)
2022-04-27 15:18:05,391:INFO:get_config() succesfully completed......................................
2022-04-27 15:18:05,402:INFO:Initializing save_model()
2022-04-27 15:18:05,402:INFO:save_model(model=Pipeline(memory=None,
         steps=[('dtypes',
                 DataTypes_Auto_infer(categorical_features=[],
                                      display_types=True, features_todrop=[],
                                      id_columns=[],
                                      ml_usecase='classification',
                                      numerical_features=[], target='Class',
                                      time_features=[])),
                ('imputer',
                 Simple_Imputer(categorical_strategy='not_available',
                                fill_value_categorical=None,
                                fill_value_numerical=None,
                                numeric_strate...
                                                      max_delta_step=None,
                                                      max_depth=10,
                                                      min_child_weight=2,
                                                      missing=nan,
                                                      monotone_constraints=None,
                                                      n_estimators=230,
                                                      n_jobs=-1,
                                                      num_parallel_tree=None,
                                                      objective='binary:logistic',
                                                      predictor=None,
                                                      probability_threshold=0.05,
                                                      random_state=5,
                                                      reg_alpha=1e-07,
                                                      reg_lambda=1e-07,
                                                      scale_pos_weight=11.5,
                                                      subsample=0.7,
                                                      tree_method='auto',
                                                      use_label_encoder=True, ...)]],
         verbose=False), model_name=xgb_app, prep_pipe_=Pipeline(memory=None,
         steps=[('dtypes',
                 DataTypes_Auto_infer(categorical_features=[],
                                      display_types=True, features_todrop=[],
                                      id_columns=[],
                                      ml_usecase='classification',
                                      numerical_features=[], target='Class',
                                      time_features=[])),
                ('imputer',
                 Simple_Imputer(categorical_strategy='not_available',
                                fill_value_categorical=None,
                                fill_value_numerical=None,
                                numeric_strate...
                                                  target='Class')),
                ('P_transform', 'passthrough'), ('binn', 'passthrough'),
                ('rem_outliers', 'passthrough'), ('cluster_all', 'passthrough'),
                ('dummy', Dummify(target='Class')),
                ('fix_perfect', Remove_100(target='Class')),
                ('clean_names', Clean_Colum_Names()),
                ('feature_select', 'passthrough'), ('fix_multi', 'passthrough'),
                ('dfs', 'passthrough'), ('pca', 'passthrough')],
         verbose=False), verbose=False, kwargs={})
2022-04-27 15:18:05,402:INFO:Adding model into prep_pipe
2022-04-27 15:18:05,444:WARNING:Only Model saved as it was a pipeline.
2022-04-27 15:18:05,497:INFO:xgb_app.pkl saved in current working directory
2022-04-27 15:18:05,506:INFO:Pipeline(memory=None,
         steps=[('dtypes',
                 DataTypes_Auto_infer(categorical_features=[],
                                      display_types=True, features_todrop=[],
                                      id_columns=[],
                                      ml_usecase='classification',
                                      numerical_features=[], target='Class',
                                      time_features=[])),
                ('imputer',
                 Simple_Imputer(categorical_strategy='not_available',
                                fill_value_categorical=None,
                                fill_value_numerical=None,
                                numeric_strate...
                                                      max_delta_step=None,
                                                      max_depth=10,
                                                      min_child_weight=2,
                                                      missing=nan,
                                                      monotone_constraints=None,
                                                      n_estimators=230,
                                                      n_jobs=-1,
                                                      num_parallel_tree=None,
                                                      objective='binary:logistic',
                                                      predictor=None,
                                                      probability_threshold=0.05,
                                                      random_state=5,
                                                      reg_alpha=1e-07,
                                                      reg_lambda=1e-07,
                                                      scale_pos_weight=11.5,
                                                      subsample=0.7,
                                                      tree_method='auto',
                                                      use_label_encoder=True, ...)]],
         verbose=False)
2022-04-27 15:18:05,506:INFO:save_model() successfully completed......................................
